# JRE version: OpenJDK Runtime Environment Temurin-21.0.8+9 (21.0.8+9) (build 21.0.8+9-LTS)
# Java VM: OpenJDK 64-Bit Server VM Temurin-21.0.8+9 (21.0.8+9-LTS, mixed mode, tiered, compressed oops, compressed class ptrs, g1 gc, windows-amd64)
GC Precious Log:
 CardTable entry size: 512
 Card Set container configuration: InlinePtr #cards 4 size 8 Array Of Cards #cards 16 size 48 Howl #buckets 8 coarsen threshold 3686 Howl Bitmap #cards 512 size 80 coarsen threshold 460 Card regions per heap region 1 cards per card region 4096
 CPUs: 8 total, 8 available
 Memory: 16281M
 Large Page Support: Disabled
 NUMA Support: Disabled
 Compressed Oops: Enabled (Zero based)
 Heap Region Size: 2M
 Heap Min Capacity: 8M
 Heap Initial Capacity: 256M
 Heap Max Capacity: 4072M
 Pre-touch: Disabled
 Parallel Workers: 8
 Concurrent Workers: 2
 Concurrent Refinement Workers: 8
 Periodic GC: Disabled
Heap:
 garbage-first heap   total 387072K, used 247780K [0x0000000701800000, 0x0000000800000000)
  region size 2048K, 13 young (26624K), 1 survivors (2048K)
 Metaspace       used 112462K, committed 113984K, reserved 1179648K
  class space    used 12491K, committed 13184K, reserved 1048576K
GC Heap History (20 events):
Event: 5221.254 GC heap before
{Heap before GC invocations=455 (full 0):
 garbage-first heap   total 387072K, used 361211K [0x0000000701800000, 0x0000000800000000)
  region size 2048K, 68 young (139264K), 1 survivors (2048K)
 Metaspace       used 112295K, committed 113984K, reserved 1179648K
  class space    used 12483K, committed 13184K, reserved 1048576K
}
Event: 5221.259 GC heap after
{Heap after GC invocations=456 (full 0):
 garbage-first heap   total 387072K, used 223997K [0x0000000701800000, 0x0000000800000000)
  region size 2048K, 1 young (2048K), 1 survivors (2048K)
 Metaspace       used 112295K, committed 113984K, reserved 1179648K
  class space    used 12483K, committed 13184K, reserved 1048576K
}
Event: 5237.588 GC heap before
{Heap before GC invocations=456 (full 0):
 garbage-first heap   total 387072K, used 361213K [0x0000000701800000, 0x0000000800000000)
  region size 2048K, 68 young (139264K), 1 survivors (2048K)
 Metaspace       used 112295K, committed 113984K, reserved 1179648K
  class space    used 12483K, committed 13184K, reserved 1048576K
}
Event: 5237.590 GC heap after
{Heap after GC invocations=457 (full 0):
 garbage-first heap   total 387072K, used 223997K [0x0000000701800000, 0x0000000800000000)
  region size 2048K, 1 young (2048K), 1 survivors (2048K)
 Metaspace       used 112295K, committed 113984K, reserved 1179648K
  class space    used 12483K, committed 13184K, reserved 1048576K
}
Event: 5253.375 GC heap before
{Heap before GC invocations=458 (full 0):
 garbage-first heap   total 387072K, used 361213K [0x0000000701800000, 0x0000000800000000)
  region size 2048K, 68 young (139264K), 1 survivors (2048K)
 Metaspace       used 112295K, committed 113984K, reserved 1179648K
  class space    used 12483K, committed 13184K, reserved 1048576K
}
Event: 5253.377 GC heap after
{Heap after GC invocations=459 (full 0):
 garbage-first heap   total 387072K, used 223999K [0x0000000701800000, 0x0000000800000000)
  region size 2048K, 1 young (2048K), 1 survivors (2048K)
 Metaspace       used 112295K, committed 113984K, reserved 1179648K
  class space    used 12483K, committed 13184K, reserved 1048576K
}
Event: 5269.570 GC heap before
{Heap before GC invocations=459 (full 0):
 garbage-first heap   total 387072K, used 361215K [0x0000000701800000, 0x0000000800000000)
  region size 2048K, 68 young (139264K), 1 survivors (2048K)
 Metaspace       used 112295K, committed 113984K, reserved 1179648K
  class space    used 12483K, committed 13184K, reserved 1048576K
}
Event: 5269.572 GC heap after
{Heap after GC invocations=460 (full 0):
 garbage-first heap   total 387072K, used 223997K [0x0000000701800000, 0x0000000800000000)
  region size 2048K, 1 young (2048K), 1 survivors (2048K)
 Metaspace       used 112295K, committed 113984K, reserved 1179648K
  class space    used 12483K, committed 13184K, reserved 1048576K
}
Event: 5285.760 GC heap before
{Heap before GC invocations=461 (full 0):
 garbage-first heap   total 387072K, used 361213K [0x0000000701800000, 0x0000000800000000)
  region size 2048K, 68 young (139264K), 1 survivors (2048K)
 Metaspace       used 112295K, committed 113984K, reserved 1179648K
  class space    used 12483K, committed 13184K, reserved 1048576K
}
Event: 5285.761 GC heap after
{Heap after GC invocations=462 (full 0):
 garbage-first heap   total 387072K, used 223999K [0x0000000701800000, 0x0000000800000000)
  region size 2048K, 1 young (2048K), 1 survivors (2048K)
 Metaspace       used 112295K, committed 113984K, reserved 1179648K
  class space    used 12483K, committed 13184K, reserved 1048576K
}
Event: 5301.963 GC heap before
{Heap before GC invocations=462 (full 0):
 garbage-first heap   total 387072K, used 361215K [0x0000000701800000, 0x0000000800000000)
  region size 2048K, 68 young (139264K), 1 survivors (2048K)
 Metaspace       used 112295K, committed 113984K, reserved 1179648K
  class space    used 12483K, committed 13184K, reserved 1048576K
}
Event: 5301.965 GC heap after
{Heap after GC invocations=463 (full 0):
 garbage-first heap   total 387072K, used 223997K [0x0000000701800000, 0x0000000800000000)
  region size 2048K, 1 young (2048K), 1 survivors (2048K)
 Metaspace       used 112295K, committed 113984K, reserved 1179648K
  class space    used 12483K, committed 13184K, reserved 1048576K
}
Event: 5318.145 GC heap before
{Heap before GC invocations=464 (full 0):
 garbage-first heap   total 387072K, used 361213K [0x0000000701800000, 0x0000000800000000)
  region size 2048K, 68 young (139264K), 1 survivors (2048K)
 Metaspace       used 112295K, committed 113984K, reserved 1179648K
  class space    used 12483K, committed 13184K, reserved 1048576K
}
Event: 5318.146 GC heap after
{Heap after GC invocations=465 (full 0):
 garbage-first heap   total 387072K, used 223999K [0x0000000701800000, 0x0000000800000000)
  region size 2048K, 1 young (2048K), 1 survivors (2048K)
 Metaspace       used 112295K, committed 113984K, reserved 1179648K
  class space    used 12483K, committed 13184K, reserved 1048576K
}
Event: 5333.819 GC heap before
{Heap before GC invocations=465 (full 0):
 garbage-first heap   total 387072K, used 361215K [0x0000000701800000, 0x0000000800000000)
  region size 2048K, 68 young (139264K), 1 survivors (2048K)
 Metaspace       used 112295K, committed 113984K, reserved 1179648K
  class space    used 12483K, committed 13184K, reserved 1048576K
}
Event: 5333.820 GC heap after
{Heap after GC invocations=466 (full 0):
 garbage-first heap   total 387072K, used 223999K [0x0000000701800000, 0x0000000800000000)
  region size 2048K, 1 young (2048K), 1 survivors (2048K)
 Metaspace       used 112295K, committed 113984K, reserved 1179648K
  class space    used 12483K, committed 13184K, reserved 1048576K
}
Event: 15922.291 GC heap before
{Heap before GC invocations=467 (full 0):
 garbage-first heap   total 387072K, used 361215K [0x0000000701800000, 0x0000000800000000)
  region size 2048K, 68 young (139264K), 1 survivors (2048K)
 Metaspace       used 112340K, committed 113984K, reserved 1179648K
  class space    used 12483K, committed 13184K, reserved 1048576K
}
Event: 15922.299 GC heap after
{Heap after GC invocations=468 (full 0):
 garbage-first heap   total 387072K, used 224015K [0x0000000701800000, 0x0000000800000000)
  region size 2048K, 1 young (2048K), 1 survivors (2048K)
 Metaspace       used 112340K, committed 113984K, reserved 1179648K
  class space    used 12483K, committed 13184K, reserved 1048576K
}
Event: 15928.353 GC heap before
{Heap before GC invocations=468 (full 0):
 garbage-first heap   total 387072K, used 359183K [0x0000000701800000, 0x0000000800000000)
  region size 2048K, 68 young (139264K), 1 survivors (2048K)
 Metaspace       used 112454K, committed 113984K, reserved 1179648K
  class space    used 12491K, committed 13184K, reserved 1048576K
}
Event: 15928.361 GC heap after
{Heap after GC invocations=469 (full 0):
 garbage-first heap   total 387072K, used 225252K [0x0000000701800000, 0x0000000800000000)
  region size 2048K, 1 young (2048K), 1 survivors (2048K)
 Metaspace       used 112454K, committed 113984K, reserved 1179648K
  class space    used 12491K, committed 13184K, reserved 1048576K
}

